<?xml version="1.0" encoding="UTF-8"?><testsuite errors="2" failures="0" name="Realizar compras de artículos" skipped="0" tests="3" time="140.2" timestamp="2022-06-13 04:16:27"><testcase name="Agregar artículos al carrito de compras"><error message="no such window: target window already closed&#10;from unknown error: web view not found&#10;  (Session info: chrome=102.0.5005.115)&#10;Build info: version: '3.141.59', revision: 'e82be7d358', time: '2018-11-14T08:17:03'&#10;System info: host: 'DESKTOP-BI8CR30', ip: '192.168.222.1', os.name: 'Windows 10', os.arch: 'amd64', os.version: '10.0', java.version: '1.8.0_221'&#10;Driver info: org.openqa.selenium.chrome.ChromeDriver&#10;Capabilities {acceptInsecureCerts: false, browserName: chrome, browserVersion: 102.0.5005.115, chrome: {chromedriverVersion: 102.0.5005.61 (0e59bcc00cc4..., userDataDir: C:\Users\PC\AppData\Local\T...}, goog:chromeOptions: {debuggerAddress: localhost:65146}, javascriptEnabled: true, networkConnectionEnabled: false, pageLoadStrategy: normal, platform: WINDOWS, platformName: WINDOWS, proxy: Proxy(), setWindowRect: true, strictFileInteractability: false, timeouts: {implicit: 0, pageLoad: 300000, script: 30000}, unhandledPromptBehavior: dismiss and notify, webauthn:extension:credBlob: true, webauthn:extension:largeBlob: true, webauthn:virtualAuthenticators: true}&#10;Session ID: de18f56f2ea14e6e34be16649990eaf1&#10;*** Element info: {Using=id, value=gdpr-banner-accept}&#10;Build info: version: '3.141.59', revision: 'e82be7d358', time: '2018-11-14T08:17:03'&#10;System info: host: 'DESKTOP-BI8CR30', ip: '192.168.222.1', os.name: 'Windows 10', os.arch: 'amd64', os.version: '10.0', java.version: '1.8.0_221'&#10;Driver info: driver.version: unknown" type="org.openqa.selenium.NoSuchWindowException">no such window: target window already closed
from unknown error: web view not found
  (Session info: chrome=102.0.5005.115)
Build info: version: '3.141.59', revision: 'e82be7d358', time: '2018-11-14T08:17:03'
System info: host: 'DESKTOP-BI8CR30', ip: '192.168.222.1', os.name: 'Windows 10', os.arch: 'amd64', os.version: '10.0', java.version: '1.8.0_221'
Driver info: org.openqa.selenium.chrome.ChromeDriver
Capabilities {acceptInsecureCerts: false, browserName: chrome, browserVersion: 102.0.5005.115, chrome: {chromedriverVersion: 102.0.5005.61 (0e59bcc00cc4..., userDataDir: C:\Users\PC\AppData\Local\T...}, goog:chromeOptions: {debuggerAddress: localhost:65146}, javascriptEnabled: true, networkConnectionEnabled: false, pageLoadStrategy: normal, platform: WINDOWS, platformName: WINDOWS, proxy: Proxy(), setWindowRect: true, strictFileInteractability: false, timeouts: {implicit: 0, pageLoad: 300000, script: 30000}, unhandledPromptBehavior: dismiss and notify, webauthn:extension:credBlob: true, webauthn:extension:largeBlob: true, webauthn:virtualAuthenticators: true}
Session ID: de18f56f2ea14e6e34be16649990eaf1
*** Element info: {Using=id, value=gdpr-banner-accept}
Build info: version: '3.141.59', revision: 'e82be7d358', time: '2018-11-14T08:17:03'
System info: host: 'DESKTOP-BI8CR30', ip: '192.168.222.1', os.name: 'Windows 10', os.arch: 'amd64', os.version: '10.0', java.version: '1.8.0_221'
Driver info: driver.version: unknown</error><system-err>no such window: target window already closed
from unknown error: web view not found
  (Session info: chrome=102.0.5005.115)
Build info: version: '3.141.59', revision: 'e82be7d358', time: '2018-11-14T08:17:03'
System info: host: 'DESKTOP-BI8CR30', ip: '192.168.222.1', os.name: 'Windows 10', os.arch: 'amd64', os.version: '10.0', java.version: '1.8.0_221'
Driver info: org.openqa.selenium.chrome.ChromeDriver
Capabilities {acceptInsecureCerts: false, browserName: chrome, browserVersion: 102.0.5005.115, chrome: {chromedriverVersion: 102.0.5005.61 (0e59bcc00cc4..., userDataDir: C:\Users\PC\AppData\Local\T...}, goog:chromeOptions: {debuggerAddress: localhost:65146}, javascriptEnabled: true, networkConnectionEnabled: false, pageLoadStrategy: normal, platform: WINDOWS, platformName: WINDOWS, proxy: Proxy(), setWindowRect: true, strictFileInteractability: false, timeouts: {implicit: 0, pageLoad: 300000, script: 30000}, unhandledPromptBehavior: dismiss and notify, webauthn:extension:credBlob: true, webauthn:extension:largeBlob: true, webauthn:virtualAuthenticators: true}
Session ID: de18f56f2ea14e6e34be16649990eaf1
*** Element info: {Using=id, value=gdpr-banner-accept}
Build info: version: '3.141.59', revision: 'e82be7d358', time: '2018-11-14T08:17:03'
System info: host: 'DESKTOP-BI8CR30', ip: '192.168.222.1', os.name: 'Windows 10', os.arch: 'amd64', os.version: '10.0', java.version: '1.8.0_221'
Driver info: driver.version: unknown&#13;
tasks.VistaCatalogo.SeleccionarColor.validarVentanaEmergente(SeleccionarColor.java:35)&#13;
tasks.VistaCatalogo.SeleccionarColor.performAs(SeleccionarColor.java:26)&#13;
com.rimac.stepdefinitions.CasosSteps.realizaUnFiltroPorDosColoresDeUnaMarcaEspecífica(CasosSteps.java:48)&#13;
✽.realiza un filtro por dos colores de una marca específica(src/test/resources/features/Casos.feature:13)&#13;
</system-err></testcase><testcase name="Flujo 2"><error message="chrome not reachable&#10;  (Session info: chrome=102.0.5005.115)&#10;Build info: version: '3.141.59', revision: 'e82be7d358', time: '2018-11-14T08:17:03'&#10;System info: host: 'DESKTOP-BI8CR30', ip: '192.168.222.1', os.name: 'Windows 10', os.arch: 'amd64', os.version: '10.0', java.version: '1.8.0_221'&#10;Driver info: org.openqa.selenium.chrome.ChromeDriver&#10;Capabilities {acceptInsecureCerts: false, browserName: chrome, browserVersion: 102.0.5005.115, chrome: {chromedriverVersion: 102.0.5005.61 (0e59bcc00cc4..., userDataDir: C:\Users\PC\AppData\Local\T...}, goog:chromeOptions: {debuggerAddress: localhost:65217}, javascriptEnabled: true, networkConnectionEnabled: false, pageLoadStrategy: normal, platform: WINDOWS, platformName: WINDOWS, proxy: Proxy(), setWindowRect: true, strictFileInteractability: false, timeouts: {implicit: 0, pageLoad: 300000, script: 30000}, unhandledPromptBehavior: dismiss and notify, webauthn:extension:credBlob: true, webauthn:extension:largeBlob: true, webauthn:virtualAuthenticators: true}&#10;Session ID: 8b9eb4afbd5ede8c07ecba028185602b&#10;Build info: version: '3.141.59', revision: 'e82be7d358', time: '2018-11-14T08:17:03'&#10;System info: host: 'DESKTOP-BI8CR30', ip: '192.168.222.1', os.name: 'Windows 10', os.arch: 'amd64', os.version: '10.0', java.version: '1.8.0_221'&#10;Driver info: driver.version: unknown" type="org.openqa.selenium.WebDriverException">chrome not reachable
  (Session info: chrome=102.0.5005.115)
Build info: version: '3.141.59', revision: 'e82be7d358', time: '2018-11-14T08:17:03'
System info: host: 'DESKTOP-BI8CR30', ip: '192.168.222.1', os.name: 'Windows 10', os.arch: 'amd64', os.version: '10.0', java.version: '1.8.0_221'
Driver info: org.openqa.selenium.chrome.ChromeDriver
Capabilities {acceptInsecureCerts: false, browserName: chrome, browserVersion: 102.0.5005.115, chrome: {chromedriverVersion: 102.0.5005.61 (0e59bcc00cc4..., userDataDir: C:\Users\PC\AppData\Local\T...}, goog:chromeOptions: {debuggerAddress: localhost:65217}, javascriptEnabled: true, networkConnectionEnabled: false, pageLoadStrategy: normal, platform: WINDOWS, platformName: WINDOWS, proxy: Proxy(), setWindowRect: true, strictFileInteractability: false, timeouts: {implicit: 0, pageLoad: 300000, script: 30000}, unhandledPromptBehavior: dismiss and notify, webauthn:extension:credBlob: true, webauthn:extension:largeBlob: true, webauthn:virtualAuthenticators: true}
Session ID: 8b9eb4afbd5ede8c07ecba028185602b
Build info: version: '3.141.59', revision: 'e82be7d358', time: '2018-11-14T08:17:03'
System info: host: 'DESKTOP-BI8CR30', ip: '192.168.222.1', os.name: 'Windows 10', os.arch: 'amd64', os.version: '10.0', java.version: '1.8.0_221'
Driver info: driver.version: unknown</error><system-err>chrome not reachable
  (Session info: chrome=102.0.5005.115)
Build info: version: '3.141.59', revision: 'e82be7d358', time: '2018-11-14T08:17:03'
System info: host: 'DESKTOP-BI8CR30', ip: '192.168.222.1', os.name: 'Windows 10', os.arch: 'amd64', os.version: '10.0', java.version: '1.8.0_221'
Driver info: org.openqa.selenium.chrome.ChromeDriver
Capabilities {acceptInsecureCerts: false, browserName: chrome, browserVersion: 102.0.5005.115, chrome: {chromedriverVersion: 102.0.5005.61 (0e59bcc00cc4..., userDataDir: C:\Users\PC\AppData\Local\T...}, goog:chromeOptions: {debuggerAddress: localhost:65217}, javascriptEnabled: true, networkConnectionEnabled: false, pageLoadStrategy: normal, platform: WINDOWS, platformName: WINDOWS, proxy: Proxy(), setWindowRect: true, strictFileInteractability: false, timeouts: {implicit: 0, pageLoad: 300000, script: 30000}, unhandledPromptBehavior: dismiss and notify, webauthn:extension:credBlob: true, webauthn:extension:largeBlob: true, webauthn:virtualAuthenticators: true}
Session ID: 8b9eb4afbd5ede8c07ecba028185602b
Build info: version: '3.141.59', revision: 'e82be7d358', time: '2018-11-14T08:17:03'
System info: host: 'DESKTOP-BI8CR30', ip: '192.168.222.1', os.name: 'Windows 10', os.arch: 'amd64', os.version: '10.0', java.version: '1.8.0_221'
Driver info: driver.version: unknown&#13;
com.rimac.stepdefinitions.CasosSteps.unClienteIngresaALaPaginaDeEbay(CasosSteps.java:33)&#13;
✽.Un cliente ingresa a la pagina de ebay(src/test/resources/features/Casos.feature:8)&#13;
</system-err></testcase></testsuite>